2025/04/15 15:43:31 [notice] 1#1: using the "epoll" event method
2025/04/15 15:43:31 [notice] 1#1: nginx/1.21.6
2025/04/15 15:43:31 [notice] 1#1: built by gcc 10.2.1 20210110 (Debian 10.2.1-6) 
2025/04/15 15:43:31 [notice] 1#1: OS: Linux 6.12.13-amd64
2025/04/15 15:43:31 [notice] 1#1: getrlimit(RLIMIT_NOFILE): 1073741816:1073741816
2025/04/15 15:43:31 [notice] 1#1: start worker processes
2025/04/15 15:43:31 [notice] 1#1: start worker process 21
2025/04/15 15:43:31 [notice] 1#1: start worker process 22
2025/04/15 15:43:31 [notice] 1#1: start worker process 23
2025/04/15 15:43:31 [notice] 1#1: start worker process 24
2025/04/15 15:43:31 [notice] 1#1: start worker process 25
2025/04/15 15:43:31 [notice] 1#1: start worker process 26
2025/04/15 15:43:31 [notice] 1#1: start worker process 27
2025/04/15 15:43:31 [notice] 1#1: start worker process 28
2025/04/15 15:43:31 [notice] 1#1: start worker process 29
2025/04/15 15:43:31 [notice] 1#1: start worker process 30
2025/04/15 15:43:31 [notice] 1#1: start worker process 31
2025/04/15 15:43:31 [notice] 1#1: start worker process 32
2025/04/15 15:50:52 [notice] 1#1: signal 3 (SIGQUIT) received, shutting down
2025/04/15 15:50:52 [notice] 21#21: gracefully shutting down
2025/04/15 15:50:52 [notice] 24#24: gracefully shutting down
2025/04/15 15:50:52 [notice] 21#21: exiting
2025/04/15 15:50:52 [notice] 23#23: gracefully shutting down
2025/04/15 15:50:52 [notice] 24#24: exiting
2025/04/15 15:50:52 [notice] 26#26: gracefully shutting down
2025/04/15 15:50:52 [notice] 23#23: exiting
2025/04/15 15:50:52 [notice] 22#22: gracefully shutting down
2025/04/15 15:50:52 [notice] 31#31: gracefully shutting down
2025/04/15 15:50:52 [notice] 26#26: exiting
2025/04/15 15:50:52 [notice] 22#22: exiting
2025/04/15 15:50:52 [notice] 23#23: exit
2025/04/15 15:50:52 [notice] 24#24: exit
2025/04/15 15:50:52 [notice] 31#31: exiting
2025/04/15 15:50:52 [notice] 26#26: exit
2025/04/15 15:50:52 [notice] 22#22: exit
2025/04/15 15:50:52 [notice] 31#31: exit
2025/04/15 15:50:52 [notice] 29#29: gracefully shutting down
2025/04/15 15:50:52 [notice] 29#29: exiting
2025/04/15 15:50:52 [notice] 29#29: exit
2025/04/15 15:50:52 [notice] 30#30: gracefully shutting down
2025/04/15 15:50:52 [notice] 27#27: gracefully shutting down
2025/04/15 15:50:52 [notice] 25#25: gracefully shutting down
2025/04/15 15:50:52 [notice] 30#30: exiting
2025/04/15 15:50:52 [notice] 27#27: exiting
2025/04/15 15:50:52 [notice] 25#25: exiting
2025/04/15 15:50:52 [notice] 28#28: gracefully shutting down
2025/04/15 15:50:52 [notice] 30#30: exit
2025/04/15 15:50:52 [notice] 21#21: exit
2025/04/15 15:50:52 [notice] 27#27: exit
2025/04/15 15:50:52 [notice] 28#28: exiting
2025/04/15 15:50:52 [notice] 25#25: exit
2025/04/15 15:50:52 [notice] 28#28: exit
2025/04/15 15:50:52 [notice] 32#32: gracefully shutting down
2025/04/15 15:50:52 [notice] 32#32: exiting
2025/04/15 15:50:52 [notice] 32#32: exit
2025/04/15 15:50:52 [notice] 1#1: signal 17 (SIGCHLD) received from 26
2025/04/15 15:50:52 [notice] 1#1: worker process 24 exited with code 0
2025/04/15 15:50:52 [notice] 1#1: worker process 26 exited with code 0
2025/04/15 15:50:52 [notice] 1#1: worker process 30 exited with code 0
2025/04/15 15:50:52 [notice] 1#1: worker process 32 exited with code 0
2025/04/15 15:50:52 [notice] 1#1: signal 29 (SIGIO) received
2025/04/15 15:50:52 [notice] 1#1: signal 17 (SIGCHLD) received from 32
2025/04/15 15:50:52 [notice] 1#1: worker process 23 exited with code 0
2025/04/15 15:50:52 [notice] 1#1: signal 29 (SIGIO) received
2025/04/15 15:50:52 [notice] 1#1: signal 17 (SIGCHLD) received from 23
2025/04/15 15:50:52 [notice] 1#1: signal 17 (SIGCHLD) received from 29
2025/04/15 15:50:52 [notice] 1#1: worker process 29 exited with code 0
2025/04/15 15:50:52 [notice] 1#1: signal 29 (SIGIO) received
2025/04/15 15:50:52 [notice] 1#1: signal 17 (SIGCHLD) received from 31
2025/04/15 15:50:52 [notice] 1#1: worker process 31 exited with code 0
2025/04/15 15:50:52 [notice] 1#1: signal 29 (SIGIO) received
2025/04/15 15:50:52 [notice] 1#1: signal 17 (SIGCHLD) received from 21
2025/04/15 15:50:52 [notice] 1#1: worker process 21 exited with code 0
2025/04/15 15:50:52 [notice] 1#1: signal 29 (SIGIO) received
2025/04/15 15:50:52 [notice] 1#1: signal 17 (SIGCHLD) received from 28
2025/04/15 15:50:52 [notice] 1#1: worker process 28 exited with code 0
2025/04/15 15:50:52 [notice] 1#1: signal 29 (SIGIO) received
2025/04/15 15:50:52 [notice] 1#1: signal 17 (SIGCHLD) received from 22
2025/04/15 15:50:52 [notice] 1#1: worker process 22 exited with code 0
2025/04/15 15:50:52 [notice] 1#1: signal 29 (SIGIO) received
2025/04/15 15:50:52 [notice] 1#1: signal 17 (SIGCHLD) received from 25
2025/04/15 15:50:52 [notice] 1#1: worker process 25 exited with code 0
2025/04/15 15:50:52 [notice] 1#1: signal 29 (SIGIO) received
2025/04/15 15:50:52 [notice] 1#1: signal 17 (SIGCHLD) received from 27
2025/04/15 15:50:52 [notice] 1#1: worker process 27 exited with code 0
2025/04/15 15:50:52 [notice] 1#1: exit
2025/04/15 15:51:13 [notice] 1#1: using the "epoll" event method
2025/04/15 15:51:13 [notice] 1#1: nginx/1.21.6
2025/04/15 15:51:13 [notice] 1#1: built by gcc 10.2.1 20210110 (Debian 10.2.1-6) 
2025/04/15 15:51:13 [notice] 1#1: OS: Linux 6.12.13-amd64
2025/04/15 15:51:13 [notice] 1#1: getrlimit(RLIMIT_NOFILE): 1073741816:1073741816
2025/04/15 15:51:13 [notice] 1#1: start worker processes
2025/04/15 15:51:13 [notice] 1#1: start worker process 22
2025/04/15 15:51:13 [notice] 1#1: start worker process 23
2025/04/15 15:51:13 [notice] 1#1: start worker process 24
2025/04/15 15:51:13 [notice] 1#1: start worker process 25
2025/04/15 15:51:13 [notice] 1#1: start worker process 26
2025/04/15 15:51:13 [notice] 1#1: start worker process 27
2025/04/15 15:51:13 [notice] 1#1: start worker process 28
2025/04/15 15:51:13 [notice] 1#1: start worker process 29
2025/04/15 15:51:13 [notice] 1#1: start worker process 30
2025/04/15 15:51:13 [notice] 1#1: start worker process 31
2025/04/15 15:51:13 [notice] 1#1: start worker process 32
2025/04/15 15:51:13 [notice] 1#1: start worker process 33
2025/04/15 15:52:46 [notice] 1#1: signal 3 (SIGQUIT) received, shutting down
2025/04/15 15:52:46 [notice] 23#23: gracefully shutting down
2025/04/15 15:52:46 [notice] 28#28: gracefully shutting down
2025/04/15 15:52:46 [notice] 28#28: exiting
2025/04/15 15:52:46 [notice] 28#28: exit
2025/04/15 15:52:46 [notice] 23#23: exiting
2025/04/15 15:52:46 [notice] 23#23: exit
2025/04/15 15:52:46 [notice] 22#22: gracefully shutting down
2025/04/15 15:52:46 [notice] 22#22: exiting
2025/04/15 15:52:46 [notice] 24#24: gracefully shutting down
2025/04/15 15:52:46 [notice] 22#22: exit
2025/04/15 15:52:46 [notice] 24#24: exiting
2025/04/15 15:52:46 [notice] 24#24: exit
2025/04/15 15:52:46 [notice] 25#25: gracefully shutting down
2025/04/15 15:52:46 [notice] 25#25: exiting
2025/04/15 15:52:46 [notice] 25#25: exit
2025/04/15 15:52:46 [notice] 26#26: gracefully shutting down
2025/04/15 15:52:46 [notice] 26#26: exiting
2025/04/15 15:52:46 [notice] 26#26: exit
2025/04/15 15:52:46 [notice] 29#29: gracefully shutting down
2025/04/15 15:52:46 [notice] 30#30: gracefully shutting down
2025/04/15 15:52:46 [notice] 27#27: gracefully shutting down
2025/04/15 15:52:46 [notice] 31#31: gracefully shutting down
2025/04/15 15:52:46 [notice] 27#27: exiting
2025/04/15 15:52:46 [notice] 32#32: gracefully shutting down
2025/04/15 15:52:46 [notice] 31#31: exiting
2025/04/15 15:52:46 [notice] 32#32: exiting
2025/04/15 15:52:46 [notice] 27#27: exit
2025/04/15 15:52:46 [notice] 31#31: exit
2025/04/15 15:52:46 [notice] 32#32: exit
2025/04/15 15:52:46 [notice] 29#29: exiting
2025/04/15 15:52:46 [notice] 33#33: gracefully shutting down
2025/04/15 15:52:46 [notice] 29#29: exit
2025/04/15 15:52:46 [notice] 33#33: exiting
2025/04/15 15:52:46 [notice] 33#33: exit
2025/04/15 15:52:46 [notice] 30#30: exiting
2025/04/15 15:52:46 [notice] 30#30: exit
2025/04/15 15:52:46 [notice] 1#1: signal 17 (SIGCHLD) received from 22
2025/04/15 15:52:46 [notice] 1#1: worker process 22 exited with code 0
2025/04/15 15:52:46 [notice] 1#1: signal 29 (SIGIO) received
2025/04/15 15:52:46 [notice] 1#1: signal 17 (SIGCHLD) received from 27
2025/04/15 15:52:46 [notice] 1#1: worker process 27 exited with code 0
2025/04/15 15:52:46 [notice] 1#1: signal 29 (SIGIO) received
2025/04/15 15:52:46 [notice] 1#1: signal 17 (SIGCHLD) received from 31
2025/04/15 15:52:46 [notice] 1#1: worker process 23 exited with code 0
2025/04/15 15:52:46 [notice] 1#1: worker process 26 exited with code 0
2025/04/15 15:52:46 [notice] 1#1: worker process 29 exited with code 0
2025/04/15 15:52:46 [notice] 1#1: worker process 30 exited with code 0
2025/04/15 15:52:46 [notice] 1#1: worker process 31 exited with code 0
2025/04/15 15:52:46 [notice] 1#1: signal 29 (SIGIO) received
2025/04/15 15:52:46 [notice] 1#1: signal 17 (SIGCHLD) received from 29
2025/04/15 15:52:46 [notice] 1#1: worker process 32 exited with code 0
2025/04/15 15:52:46 [notice] 1#1: signal 29 (SIGIO) received
2025/04/15 15:52:46 [notice] 1#1: signal 17 (SIGCHLD) received from 25
2025/04/15 15:52:46 [notice] 1#1: worker process 25 exited with code 0
2025/04/15 15:52:46 [notice] 1#1: worker process 24 exited with code 0
2025/04/15 15:52:46 [notice] 1#1: worker process 33 exited with code 0
2025/04/15 15:52:46 [notice] 1#1: signal 29 (SIGIO) received
2025/04/15 15:52:46 [notice] 1#1: signal 17 (SIGCHLD) received from 24
2025/04/15 15:52:46 [notice] 1#1: signal 17 (SIGCHLD) received from 28
2025/04/15 15:52:46 [notice] 1#1: worker process 28 exited with code 0
2025/04/15 15:52:46 [notice] 1#1: exit
2025/04/15 15:53:24 [notice] 1#1: using the "epoll" event method
2025/04/15 15:53:24 [notice] 1#1: nginx/1.21.6
2025/04/15 15:53:24 [notice] 1#1: built by gcc 10.2.1 20210110 (Debian 10.2.1-6) 
2025/04/15 15:53:24 [notice] 1#1: OS: Linux 6.12.13-amd64
2025/04/15 15:53:24 [notice] 1#1: getrlimit(RLIMIT_NOFILE): 1073741816:1073741816
2025/04/15 15:53:24 [notice] 1#1: start worker processes
2025/04/15 15:53:24 [notice] 1#1: start worker process 22
2025/04/15 15:53:24 [notice] 1#1: start worker process 23
2025/04/15 15:53:24 [notice] 1#1: start worker process 24
2025/04/15 15:53:24 [notice] 1#1: start worker process 25
2025/04/15 15:53:24 [notice] 1#1: start worker process 26
2025/04/15 15:53:24 [notice] 1#1: start worker process 27
2025/04/15 15:53:24 [notice] 1#1: start worker process 28
2025/04/15 15:53:24 [notice] 1#1: start worker process 29
2025/04/15 15:53:24 [notice] 1#1: start worker process 30
2025/04/15 15:53:24 [notice] 1#1: start worker process 31
2025/04/15 15:53:24 [notice] 1#1: start worker process 32
2025/04/15 15:53:24 [notice] 1#1: start worker process 33
2025/04/15 16:29:02 [notice] 45#45: signal process started
2025/04/15 16:29:02 [notice] 1#1: signal 1 (SIGHUP) received from 45, reconfiguring
2025/04/15 16:29:02 [notice] 1#1: reconfiguring
2025/04/15 16:29:02 [notice] 1#1: using the "epoll" event method
2025/04/15 16:29:02 [notice] 1#1: start worker processes
2025/04/15 16:29:02 [notice] 1#1: start worker process 46
2025/04/15 16:29:02 [notice] 1#1: start worker process 47
2025/04/15 16:29:02 [notice] 1#1: start worker process 48
2025/04/15 16:29:02 [notice] 1#1: start worker process 49
2025/04/15 16:29:02 [notice] 1#1: start worker process 50
2025/04/15 16:29:02 [notice] 1#1: start worker process 51
2025/04/15 16:29:02 [notice] 1#1: start worker process 52
2025/04/15 16:29:02 [notice] 1#1: start worker process 53
2025/04/15 16:29:02 [notice] 1#1: start worker process 54
2025/04/15 16:29:02 [notice] 1#1: start worker process 55
2025/04/15 16:29:02 [notice] 1#1: start worker process 56
2025/04/15 16:29:02 [notice] 1#1: start worker process 57
2025/04/15 16:29:03 [notice] 22#22: gracefully shutting down
2025/04/15 16:29:03 [notice] 23#23: gracefully shutting down
2025/04/15 16:29:03 [notice] 24#24: gracefully shutting down
2025/04/15 16:29:03 [notice] 25#25: gracefully shutting down
2025/04/15 16:29:03 [notice] 26#26: gracefully shutting down
2025/04/15 16:29:03 [notice] 27#27: gracefully shutting down
2025/04/15 16:29:03 [notice] 28#28: gracefully shutting down
2025/04/15 16:29:03 [notice] 29#29: gracefully shutting down
2025/04/15 16:29:03 [notice] 30#30: gracefully shutting down
2025/04/15 16:29:03 [notice] 22#22: exiting
2025/04/15 16:29:03 [notice] 23#23: exiting
2025/04/15 16:29:03 [notice] 31#31: gracefully shutting down
2025/04/15 16:29:03 [notice] 24#24: exiting
2025/04/15 16:29:03 [notice] 25#25: exiting
2025/04/15 16:29:03 [notice] 26#26: exiting
2025/04/15 16:29:03 [notice] 27#27: exiting
2025/04/15 16:29:03 [notice] 28#28: exiting
2025/04/15 16:29:03 [notice] 29#29: exiting
2025/04/15 16:29:03 [notice] 30#30: exiting
2025/04/15 16:29:03 [notice] 31#31: exiting
2025/04/15 16:29:03 [notice] 22#22: exit
2025/04/15 16:29:03 [notice] 23#23: exit
2025/04/15 16:29:03 [notice] 25#25: exit
2025/04/15 16:29:03 [notice] 24#24: exit
2025/04/15 16:29:03 [notice] 27#27: exit
2025/04/15 16:29:03 [notice] 30#30: exit
2025/04/15 16:29:03 [notice] 28#28: exit
2025/04/15 16:29:03 [notice] 31#31: exit
2025/04/15 16:29:03 [notice] 26#26: exit
2025/04/15 16:29:03 [notice] 29#29: exit
2025/04/15 16:29:03 [notice] 33#33: gracefully shutting down
2025/04/15 16:29:03 [notice] 32#32: gracefully shutting down
2025/04/15 16:29:03 [notice] 33#33: exiting
2025/04/15 16:29:03 [notice] 32#32: exiting
2025/04/15 16:29:03 [notice] 33#33: exit
2025/04/15 16:29:03 [notice] 32#32: exit
2025/04/15 16:29:03 [notice] 1#1: signal 17 (SIGCHLD) received from 30
2025/04/15 16:29:03 [notice] 1#1: worker process 22 exited with code 0
2025/04/15 16:29:03 [notice] 1#1: worker process 28 exited with code 0
2025/04/15 16:29:03 [notice] 1#1: worker process 30 exited with code 0
2025/04/15 16:29:03 [notice] 1#1: signal 29 (SIGIO) received
2025/04/15 16:29:03 [notice] 1#1: signal 17 (SIGCHLD) received from 25
2025/04/15 16:29:03 [notice] 1#1: worker process 25 exited with code 0
2025/04/15 16:29:03 [notice] 1#1: worker process 31 exited with code 0
2025/04/15 16:29:03 [notice] 1#1: worker process 24 exited with code 0
2025/04/15 16:29:03 [notice] 1#1: signal 29 (SIGIO) received
2025/04/15 16:29:03 [notice] 1#1: signal 17 (SIGCHLD) received from 31
2025/04/15 16:29:03 [notice] 1#1: signal 17 (SIGCHLD) received from 33
2025/04/15 16:29:03 [notice] 1#1: worker process 33 exited with code 0
2025/04/15 16:29:03 [notice] 1#1: signal 29 (SIGIO) received
2025/04/15 16:29:03 [notice] 1#1: signal 17 (SIGCHLD) received from 32
2025/04/15 16:29:03 [notice] 1#1: worker process 32 exited with code 0
2025/04/15 16:29:03 [notice] 1#1: signal 29 (SIGIO) received
2025/04/15 16:29:03 [notice] 1#1: signal 17 (SIGCHLD) received from 26
2025/04/15 16:29:03 [notice] 1#1: worker process 23 exited with code 0
2025/04/15 16:29:03 [notice] 1#1: worker process 26 exited with code 0
2025/04/15 16:29:03 [notice] 1#1: worker process 27 exited with code 0
2025/04/15 16:29:03 [notice] 1#1: signal 29 (SIGIO) received
2025/04/15 16:29:03 [notice] 1#1: signal 17 (SIGCHLD) received from 23
2025/04/15 16:29:03 [notice] 1#1: signal 17 (SIGCHLD) received from 29
2025/04/15 16:29:03 [notice] 1#1: worker process 29 exited with code 0
2025/04/15 16:29:03 [notice] 1#1: signal 29 (SIGIO) received
2025/04/15 16:29:21 [notice] 58#58: signal process started
2025/04/15 16:29:21 [notice] 1#1: signal 1 (SIGHUP) received from 58, reconfiguring
2025/04/15 16:29:21 [notice] 1#1: reconfiguring
2025/04/15 16:29:21 [notice] 1#1: using the "epoll" event method
2025/04/15 16:29:21 [notice] 1#1: start worker processes
2025/04/15 16:29:21 [notice] 1#1: start worker process 59
2025/04/15 16:29:21 [notice] 1#1: start worker process 60
2025/04/15 16:29:21 [notice] 1#1: start worker process 61
2025/04/15 16:29:21 [notice] 1#1: start worker process 62
2025/04/15 16:29:21 [notice] 1#1: start worker process 63
2025/04/15 16:29:21 [notice] 1#1: start worker process 64
2025/04/15 16:29:21 [notice] 1#1: start worker process 65
2025/04/15 16:29:21 [notice] 1#1: start worker process 66
2025/04/15 16:29:21 [notice] 1#1: start worker process 67
2025/04/15 16:29:21 [notice] 1#1: start worker process 68
2025/04/15 16:29:21 [notice] 1#1: start worker process 69
2025/04/15 16:29:21 [notice] 1#1: start worker process 70
2025/04/15 16:29:21 [notice] 46#46: gracefully shutting down
2025/04/15 16:29:21 [notice] 47#47: gracefully shutting down
2025/04/15 16:29:21 [notice] 48#48: gracefully shutting down
2025/04/15 16:29:21 [notice] 49#49: gracefully shutting down
2025/04/15 16:29:21 [notice] 50#50: gracefully shutting down
2025/04/15 16:29:21 [notice] 51#51: gracefully shutting down
2025/04/15 16:29:21 [notice] 52#52: gracefully shutting down
2025/04/15 16:29:21 [notice] 53#53: gracefully shutting down
2025/04/15 16:29:21 [notice] 46#46: exiting
2025/04/15 16:29:21 [notice] 54#54: gracefully shutting down
2025/04/15 16:29:21 [notice] 47#47: exiting
2025/04/15 16:29:21 [notice] 55#55: gracefully shutting down
2025/04/15 16:29:21 [notice] 48#48: exiting
2025/04/15 16:29:21 [notice] 49#49: exiting
2025/04/15 16:29:21 [notice] 50#50: exiting
2025/04/15 16:29:21 [notice] 51#51: exiting
2025/04/15 16:29:21 [notice] 52#52: exiting
2025/04/15 16:29:21 [notice] 53#53: exiting
2025/04/15 16:29:21 [notice] 54#54: exiting
2025/04/15 16:29:21 [notice] 55#55: exiting
2025/04/15 16:29:21 [notice] 46#46: exit
2025/04/15 16:29:21 [notice] 47#47: exit
2025/04/15 16:29:21 [notice] 48#48: exit
2025/04/15 16:29:21 [notice] 49#49: exit
2025/04/15 16:29:21 [notice] 51#51: exit
2025/04/15 16:29:21 [notice] 53#53: exit
2025/04/15 16:29:21 [notice] 52#52: exit
2025/04/15 16:29:21 [notice] 50#50: exit
2025/04/15 16:29:21 [notice] 55#55: exit
2025/04/15 16:29:21 [notice] 54#54: exit
2025/04/15 16:29:21 [notice] 56#56: gracefully shutting down
2025/04/15 16:29:21 [notice] 56#56: exiting
2025/04/15 16:29:21 [notice] 56#56: exit
2025/04/15 16:29:21 [notice] 57#57: gracefully shutting down
2025/04/15 16:29:21 [notice] 57#57: exiting
2025/04/15 16:29:21 [notice] 57#57: exit
2025/04/15 16:29:21 [notice] 1#1: signal 17 (SIGCHLD) received from 51
2025/04/15 16:29:21 [notice] 1#1: worker process 51 exited with code 0
2025/04/15 16:29:21 [notice] 1#1: signal 29 (SIGIO) received
2025/04/15 16:29:21 [notice] 1#1: signal 17 (SIGCHLD) received from 47
2025/04/15 16:29:21 [notice] 1#1: worker process 47 exited with code 0
2025/04/15 16:29:21 [notice] 1#1: worker process 49 exited with code 0
2025/04/15 16:29:21 [notice] 1#1: worker process 48 exited with code 0
2025/04/15 16:29:21 [notice] 1#1: signal 29 (SIGIO) received
2025/04/15 16:29:21 [notice] 1#1: signal 17 (SIGCHLD) received from 48
2025/04/15 16:29:21 [notice] 1#1: signal 17 (SIGCHLD) received from 46
2025/04/15 16:29:21 [notice] 1#1: worker process 46 exited with code 0
2025/04/15 16:29:21 [notice] 1#1: worker process 52 exited with code 0
2025/04/15 16:29:21 [notice] 1#1: worker process 56 exited with code 0
2025/04/15 16:29:21 [notice] 1#1: signal 29 (SIGIO) received
2025/04/15 16:29:21 [notice] 1#1: signal 17 (SIGCHLD) received from 52
2025/04/15 16:29:21 [notice] 1#1: signal 17 (SIGCHLD) received from 53
2025/04/15 16:29:21 [notice] 1#1: worker process 53 exited with code 0
2025/04/15 16:29:21 [notice] 1#1: signal 29 (SIGIO) received
2025/04/15 16:29:21 [notice] 1#1: signal 17 (SIGCHLD) received from 50
2025/04/15 16:29:21 [notice] 1#1: worker process 50 exited with code 0
2025/04/15 16:29:21 [notice] 1#1: signal 29 (SIGIO) received
2025/04/15 16:29:21 [notice] 1#1: signal 17 (SIGCHLD) received from 54
2025/04/15 16:29:21 [notice] 1#1: worker process 54 exited with code 0
2025/04/15 16:29:21 [notice] 1#1: signal 29 (SIGIO) received
2025/04/15 16:29:21 [notice] 1#1: signal 17 (SIGCHLD) received from 57
2025/04/15 16:29:21 [notice] 1#1: worker process 57 exited with code 0
2025/04/15 16:29:21 [notice] 1#1: signal 29 (SIGIO) received
2025/04/15 16:29:21 [notice] 1#1: signal 17 (SIGCHLD) received from 55
2025/04/15 16:29:21 [notice] 1#1: worker process 55 exited with code 0
2025/04/15 16:29:21 [notice] 1#1: signal 29 (SIGIO) received
2025/04/15 16:30:19 [notice] 71#71: signal process started
2025/04/15 16:30:19 [notice] 1#1: signal 1 (SIGHUP) received from 71, reconfiguring
2025/04/15 16:30:19 [notice] 1#1: reconfiguring
2025/04/15 16:30:19 [notice] 1#1: using the "epoll" event method
2025/04/15 16:30:19 [notice] 1#1: start worker processes
2025/04/15 16:30:19 [notice] 1#1: start worker process 72
2025/04/15 16:30:19 [notice] 1#1: start worker process 73
2025/04/15 16:30:19 [notice] 1#1: start worker process 74
2025/04/15 16:30:19 [notice] 1#1: start worker process 75
2025/04/15 16:30:19 [notice] 1#1: start worker process 76
2025/04/15 16:30:19 [notice] 1#1: start worker process 77
2025/04/15 16:30:19 [notice] 1#1: start worker process 78
2025/04/15 16:30:19 [notice] 1#1: start worker process 79
2025/04/15 16:30:19 [notice] 1#1: start worker process 80
2025/04/15 16:30:19 [notice] 1#1: start worker process 81
2025/04/15 16:30:19 [notice] 1#1: start worker process 82
2025/04/15 16:30:19 [notice] 1#1: start worker process 83
2025/04/15 16:30:19 [notice] 59#59: gracefully shutting down
2025/04/15 16:30:19 [notice] 60#60: gracefully shutting down
2025/04/15 16:30:19 [notice] 62#62: gracefully shutting down
2025/04/15 16:30:19 [notice] 61#61: gracefully shutting down
2025/04/15 16:30:19 [notice] 63#63: gracefully shutting down
2025/04/15 16:30:19 [notice] 64#64: gracefully shutting down
2025/04/15 16:30:19 [notice] 61#61: exiting
2025/04/15 16:30:19 [notice] 65#65: gracefully shutting down
2025/04/15 16:30:19 [notice] 59#59: exiting
2025/04/15 16:30:19 [notice] 66#66: gracefully shutting down
2025/04/15 16:30:19 [notice] 60#60: exiting
2025/04/15 16:30:19 [notice] 65#65: exiting
2025/04/15 16:30:19 [notice] 69#69: gracefully shutting down
2025/04/15 16:30:19 [notice] 62#62: exiting
2025/04/15 16:30:19 [notice] 70#70: gracefully shutting down
2025/04/15 16:30:19 [notice] 63#63: exiting
2025/04/15 16:30:19 [notice] 66#66: exiting
2025/04/15 16:30:19 [notice] 61#61: exit
2025/04/15 16:30:19 [notice] 64#64: exiting
2025/04/15 16:30:19 [notice] 69#69: exiting
2025/04/15 16:30:19 [notice] 59#59: exit
2025/04/15 16:30:19 [notice] 70#70: exiting
2025/04/15 16:30:19 [notice] 68#68: gracefully shutting down
2025/04/15 16:30:19 [notice] 60#60: exit
2025/04/15 16:30:19 [notice] 65#65: exit
2025/04/15 16:30:19 [notice] 62#62: exit
2025/04/15 16:30:19 [notice] 63#63: exit
2025/04/15 16:30:19 [notice] 66#66: exit
2025/04/15 16:30:19 [notice] 68#68: exiting
2025/04/15 16:30:19 [notice] 69#69: exit
2025/04/15 16:30:19 [notice] 64#64: exit
2025/04/15 16:30:19 [notice] 70#70: exit
2025/04/15 16:30:19 [notice] 68#68: exit
2025/04/15 16:30:19 [notice] 67#67: gracefully shutting down
2025/04/15 16:30:19 [notice] 67#67: exiting
2025/04/15 16:30:19 [notice] 67#67: exit
2025/04/15 16:30:19 [notice] 1#1: signal 17 (SIGCHLD) received from 67
2025/04/15 16:30:19 [notice] 1#1: worker process 67 exited with code 0
2025/04/15 16:30:19 [notice] 1#1: signal 29 (SIGIO) received
2025/04/15 16:30:19 [notice] 1#1: signal 17 (SIGCHLD) received from 64
2025/04/15 16:30:19 [notice] 1#1: worker process 64 exited with code 0
2025/04/15 16:30:19 [notice] 1#1: signal 29 (SIGIO) received
2025/04/15 16:30:19 [notice] 1#1: signal 17 (SIGCHLD) received from 63
2025/04/15 16:30:19 [notice] 1#1: worker process 63 exited with code 0
2025/04/15 16:30:19 [notice] 1#1: signal 29 (SIGIO) received
2025/04/15 16:30:19 [notice] 1#1: signal 17 (SIGCHLD) received from 66
2025/04/15 16:30:19 [notice] 1#1: worker process 66 exited with code 0
2025/04/15 16:30:19 [notice] 1#1: signal 29 (SIGIO) received
2025/04/15 16:30:19 [notice] 1#1: signal 17 (SIGCHLD) received from 61
2025/04/15 16:30:19 [notice] 1#1: worker process 61 exited with code 0
2025/04/15 16:30:19 [notice] 1#1: worker process 60 exited with code 0
2025/04/15 16:30:19 [notice] 1#1: worker process 68 exited with code 0
2025/04/15 16:30:19 [notice] 1#1: signal 29 (SIGIO) received
2025/04/15 16:30:19 [notice] 1#1: signal 17 (SIGCHLD) received from 68
2025/04/15 16:30:19 [notice] 1#1: worker process 59 exited with code 0
2025/04/15 16:30:19 [notice] 1#1: signal 29 (SIGIO) received
2025/04/15 16:30:19 [notice] 1#1: signal 17 (SIGCHLD) received from 62
2025/04/15 16:30:19 [notice] 1#1: worker process 62 exited with code 0
2025/04/15 16:30:19 [notice] 1#1: signal 29 (SIGIO) received
2025/04/15 16:30:19 [notice] 1#1: signal 17 (SIGCHLD) received from 69
2025/04/15 16:30:19 [notice] 1#1: worker process 69 exited with code 0
2025/04/15 16:30:19 [notice] 1#1: signal 29 (SIGIO) received
2025/04/15 16:30:20 [notice] 1#1: signal 17 (SIGCHLD) received from 65
2025/04/15 16:30:20 [notice] 1#1: worker process 65 exited with code 0
2025/04/15 16:30:20 [notice] 1#1: signal 29 (SIGIO) received
2025/04/15 16:30:20 [notice] 1#1: signal 17 (SIGCHLD) received from 70
2025/04/15 16:30:20 [notice] 1#1: worker process 70 exited with code 0
2025/04/15 16:30:20 [notice] 1#1: signal 29 (SIGIO) received
2025/04/15 16:35:12 [notice] 84#84: signal process started
2025/04/15 16:35:12 [notice] 1#1: signal 1 (SIGHUP) received from 84, reconfiguring
2025/04/15 16:35:12 [notice] 1#1: reconfiguring
2025/04/15 16:35:12 [notice] 1#1: using the "epoll" event method
2025/04/15 16:35:12 [notice] 1#1: start worker processes
2025/04/15 16:35:12 [notice] 1#1: start worker process 85
2025/04/15 16:35:12 [notice] 1#1: start worker process 86
2025/04/15 16:35:12 [notice] 1#1: start worker process 87
2025/04/15 16:35:12 [notice] 1#1: start worker process 88
2025/04/15 16:35:12 [notice] 1#1: start worker process 89
2025/04/15 16:35:12 [notice] 1#1: start worker process 90
2025/04/15 16:35:12 [notice] 1#1: start worker process 91
2025/04/15 16:35:12 [notice] 1#1: start worker process 92
2025/04/15 16:35:12 [notice] 1#1: start worker process 93
2025/04/15 16:35:12 [notice] 1#1: start worker process 94
2025/04/15 16:35:12 [notice] 1#1: start worker process 95
2025/04/15 16:35:12 [notice] 1#1: start worker process 96
2025/04/15 16:35:12 [notice] 73#73: gracefully shutting down
2025/04/15 16:35:12 [notice] 72#72: gracefully shutting down
2025/04/15 16:35:12 [notice] 74#74: gracefully shutting down
2025/04/15 16:35:12 [notice] 75#75: gracefully shutting down
2025/04/15 16:35:12 [notice] 78#78: gracefully shutting down
2025/04/15 16:35:12 [notice] 76#76: gracefully shutting down
2025/04/15 16:35:12 [notice] 77#77: gracefully shutting down
2025/04/15 16:35:12 [notice] 79#79: gracefully shutting down
2025/04/15 16:35:12 [notice] 80#80: gracefully shutting down
2025/04/15 16:35:12 [notice] 73#73: exiting
2025/04/15 16:35:12 [notice] 72#72: exiting
2025/04/15 16:35:12 [notice] 82#82: gracefully shutting down
2025/04/15 16:35:12 [notice] 83#83: gracefully shutting down
2025/04/15 16:35:12 [notice] 74#74: exiting
2025/04/15 16:35:12 [notice] 75#75: exiting
2025/04/15 16:35:12 [notice] 78#78: exiting
2025/04/15 16:35:12 [notice] 76#76: exiting
2025/04/15 16:35:12 [notice] 77#77: exiting
2025/04/15 16:35:12 [notice] 79#79: exiting
2025/04/15 16:35:12 [notice] 80#80: exiting
2025/04/15 16:35:12 [notice] 82#82: exiting
2025/04/15 16:35:12 [notice] 83#83: exiting
2025/04/15 16:35:12 [notice] 73#73: exit
2025/04/15 16:35:12 [notice] 72#72: exit
2025/04/15 16:35:12 [notice] 74#74: exit
2025/04/15 16:35:12 [notice] 75#75: exit
2025/04/15 16:35:12 [notice] 79#79: exit
2025/04/15 16:35:12 [notice] 76#76: exit
2025/04/15 16:35:12 [notice] 78#78: exit
2025/04/15 16:35:12 [notice] 82#82: exit
2025/04/15 16:35:12 [notice] 80#80: exit
2025/04/15 16:35:12 [notice] 83#83: exit
2025/04/15 16:35:12 [notice] 77#77: exit
2025/04/15 16:35:12 [notice] 81#81: gracefully shutting down
2025/04/15 16:35:12 [notice] 81#81: exiting
2025/04/15 16:35:12 [notice] 81#81: exit
2025/04/15 16:35:12 [notice] 1#1: signal 17 (SIGCHLD) received from 78
2025/04/15 16:35:12 [notice] 1#1: worker process 73 exited with code 0
2025/04/15 16:35:12 [notice] 1#1: worker process 75 exited with code 0
2025/04/15 16:35:12 [notice] 1#1: worker process 77 exited with code 0
2025/04/15 16:35:12 [notice] 1#1: worker process 78 exited with code 0
2025/04/15 16:35:12 [notice] 1#1: worker process 80 exited with code 0
2025/04/15 16:35:12 [notice] 1#1: worker process 81 exited with code 0
2025/04/15 16:35:12 [notice] 1#1: worker process 82 exited with code 0
2025/04/15 16:35:12 [notice] 1#1: worker process 83 exited with code 0
2025/04/15 16:35:12 [notice] 1#1: signal 29 (SIGIO) received
2025/04/15 16:35:12 [notice] 1#1: signal 17 (SIGCHLD) received from 81
2025/04/15 16:35:12 [notice] 1#1: signal 17 (SIGCHLD) received from 79
2025/04/15 16:35:12 [notice] 1#1: worker process 79 exited with code 0
2025/04/15 16:35:12 [notice] 1#1: worker process 74 exited with code 0
2025/04/15 16:35:12 [notice] 1#1: signal 29 (SIGIO) received
2025/04/15 16:35:12 [notice] 1#1: signal 17 (SIGCHLD) received from 74
2025/04/15 16:35:12 [notice] 1#1: signal 17 (SIGCHLD) received from 72
2025/04/15 16:35:12 [notice] 1#1: worker process 72 exited with code 0
2025/04/15 16:35:12 [notice] 1#1: signal 29 (SIGIO) received
2025/04/15 16:35:12 [notice] 1#1: signal 17 (SIGCHLD) received from 76
2025/04/15 16:35:12 [notice] 1#1: worker process 76 exited with code 0
2025/04/15 16:35:12 [notice] 1#1: signal 29 (SIGIO) received
